2025-02-14 10:29:43 [restartedMain] INFO  c.p.PickupBackendApplication - Starting PickupBackendApplication using Java 17.0.9 with PID 25432 (C:\Users\kangu\IdeaProjects\pickup-backend\build\classes\java\main started by kangu in C:\Users\kangu\IdeaProjects\pickup-backend)
2025-02-14 10:29:43 [restartedMain] DEBUG c.p.PickupBackendApplication - Running with Spring Boot v3.2.3, Spring v6.1.4
2025-02-14 10:29:43 [restartedMain] INFO  c.p.PickupBackendApplication - The following 1 profile is active: "prod"
2025-02-14 10:29:43 [restartedMain] INFO  o.s.b.d.e.DevToolsPropertyDefaultsPostProcessor - Devtools property defaults active! Set 'spring.devtools.add-properties' to 'false' to disable
2025-02-14 10:29:43 [restartedMain] INFO  o.s.b.d.e.DevToolsPropertyDefaultsPostProcessor - For additional web related logging consider setting the 'logging.level.web' property to 'DEBUG'
2025-02-14 10:29:44 [restartedMain] INFO  o.s.d.r.c.RepositoryConfigurationDelegate - Multiple Spring Data modules found, entering strict repository configuration mode
2025-02-14 10:29:44 [restartedMain] INFO  o.s.d.r.c.RepositoryConfigurationDelegate - Bootstrapping Spring Data Redis repositories in DEFAULT mode.
2025-02-14 10:29:44 [restartedMain] INFO  o.s.d.r.c.RepositoryConfigurationDelegate - Finished Spring Data repository scanning in 34 ms. Found 0 Redis repository interfaces.
2025-02-14 10:29:44 [restartedMain] INFO  o.s.b.w.e.tomcat.TomcatWebServer - Tomcat initialized with port 8080 (http)
2025-02-14 10:29:44 [restartedMain] INFO  o.a.coyote.http11.Http11NioProtocol - Initializing ProtocolHandler ["http-nio-8080"]
2025-02-14 10:29:44 [restartedMain] INFO  o.a.catalina.core.StandardService - Starting service [Tomcat]
2025-02-14 10:29:44 [restartedMain] INFO  o.a.catalina.core.StandardEngine - Starting Servlet engine: [Apache Tomcat/10.1.19]
2025-02-14 10:29:45 [restartedMain] INFO  o.a.c.c.C.[Tomcat].[localhost].[/] - Initializing Spring embedded WebApplicationContext
2025-02-14 10:29:45 [restartedMain] INFO  o.s.b.w.s.c.ServletWebServerApplicationContext - Root WebApplicationContext: initialization completed in 1387 ms
2025-02-14 10:29:45 [restartedMain] INFO  com.zaxxer.hikari.HikariDataSource - HikariPool-1 - Starting...
2025-02-14 10:29:45 [restartedMain] INFO  com.zaxxer.hikari.pool.HikariPool - HikariPool-1 - Added connection com.mysql.cj.jdbc.ConnectionImpl@3b704f4d
2025-02-14 10:29:45 [restartedMain] INFO  com.zaxxer.hikari.HikariDataSource - HikariPool-1 - Start completed.
2025-02-14 10:29:45 [restartedMain] INFO  o.s.b.a.h.H2ConsoleAutoConfiguration - H2 console available at '/h2-console'. Database available at 'jdbc:mysql://database-1.cp2q4u86kgsu.ap-northeast-2.rds.amazonaws.com:3306/pickup_db'
2025-02-14 10:29:46 [restartedMain] INFO  c.p.global.config.RedisConfig - redis connect host: localhost
2025-02-14 10:29:46 [restartedMain] INFO  c.p.global.config.RedisConfig - redis connect port: 6379
2025-02-14 10:29:46 [restartedMain] DEBUG c.p.auth.filter.JwtAuthFilter - Filter 'jwtAuthFilter' configured for use
2025-02-14 10:29:46 [restartedMain] INFO  c.p.notification.config.FCMConfig - Service account resource exists: true
2025-02-14 10:29:46 [restartedMain] INFO  c.p.notification.config.FCMConfig - Service account path: file:/C:/Users/kangu/IdeaProjects/pickup-backend/build/resources/main/fcm/firebase-adminsdk.json
2025-02-14 10:29:46 [restartedMain] INFO  c.p.notification.config.FCMConfig - Initialized firebase app config: FirebaseApp{name=[DEFAULT]}
2025-02-14 10:29:46 [restartedMain] INFO  o.s.b.d.a.OptionalLiveReloadServer - LiveReload server is running on port 35729
2025-02-14 10:29:46 [restartedMain] INFO  o.a.coyote.http11.Http11NioProtocol - Starting ProtocolHandler ["http-nio-8080"]
2025-02-14 10:29:46 [restartedMain] INFO  o.s.b.w.e.tomcat.TomcatWebServer - Tomcat started on port 8080 (http) with context path ''
2025-02-14 10:29:46 [restartedMain] INFO  c.p.PickupBackendApplication - Started PickupBackendApplication in 3.738 seconds (process running for 5.509)
2025-02-14 10:31:09 [http-nio-8080-exec-5] INFO  o.a.c.c.C.[Tomcat].[localhost].[/] - Initializing Spring DispatcherServlet 'dispatcherServlet'
2025-02-14 10:31:09 [http-nio-8080-exec-5] INFO  o.s.web.servlet.DispatcherServlet - Initializing Servlet 'dispatcherServlet'
2025-02-14 10:31:09 [http-nio-8080-exec-5] INFO  o.s.web.servlet.DispatcherServlet - Completed initialization in 1 ms
2025-02-14 10:31:10 [http-nio-8080-exec-7] INFO  o.s.api.AbstractOpenApiResource - Init duration for springdoc-openapi is: 490 ms
2025-02-14 10:31:22 [http-nio-8080-exec-8] DEBUG c.p.auth.controller.AuthController - /login request: LoginRequest[email=test@gmail.com, password=test1234@]
2025-02-14 10:31:44 [http-nio-8080-exec-9] DEBUG c.p.m.i.w.controller.MatchController - /getMatches request
2025-02-14 10:32:00 [http-nio-8080-exec-10] DEBUG c.p.m.i.w.controller.MatchController - /addParticipation request: CreateParticipationRequest[matchingId=6, status=PENDING, message=참여신청합니다.]
2025-02-14 10:32:01 [http-nio-8080-exec-10] ERROR c.p.g.e.DatabaseExceptionHandler - 서버 오류가 발생했습니다: 작성자는 매칭 신청이 불가능 합니다.
2025-02-14 10:32:01 [http-nio-8080-exec-10] WARN  o.s.w.s.m.m.a.ExceptionHandlerExceptionResolver - Resolved [core.pickupbackend.global.exception.ApplicationException: 작성자는 매칭 신청이 불가능 합니다.]
2025-02-14 10:34:42 [SpringApplicationShutdownHook] INFO  com.zaxxer.hikari.HikariDataSource - HikariPool-1 - Shutdown initiated...
2025-02-14 10:34:42 [SpringApplicationShutdownHook] INFO  com.zaxxer.hikari.HikariDataSource - HikariPool-1 - Shutdown completed.
